{"name":"Log","hostname":"pop-os","pid":14173,"level":30,"msg":"Creating table: posts","time":"2020-04-19T13:44:17.579Z","v":0}
{"name":"Log","hostname":"pop-os","pid":14173,"level":30,"msg":"Creating table: posts_meta","time":"2020-04-19T13:44:17.915Z","v":0}
{"name":"Log","hostname":"pop-os","pid":14173,"level":30,"msg":"Creating table: users","time":"2020-04-19T13:44:18.214Z","v":0}
{"name":"Log","hostname":"pop-os","pid":14173,"level":30,"msg":"Creating table: posts_authors","time":"2020-04-19T13:44:18.702Z","v":0}
{"name":"Log","hostname":"pop-os","pid":14173,"level":30,"msg":"Creating table: roles","time":"2020-04-19T13:44:18.867Z","v":0}
{"name":"Log","hostname":"pop-os","pid":14173,"level":30,"msg":"Creating table: roles_users","time":"2020-04-19T13:44:19.224Z","v":0}
{"name":"Log","hostname":"pop-os","pid":14173,"level":30,"msg":"Creating table: permissions","time":"2020-04-19T13:44:19.400Z","v":0}
{"name":"Log","hostname":"pop-os","pid":14173,"level":30,"msg":"Creating table: permissions_users","time":"2020-04-19T13:44:19.755Z","v":0}
{"name":"Log","hostname":"pop-os","pid":14173,"level":30,"msg":"Creating table: permissions_roles","time":"2020-04-19T13:44:19.989Z","v":0}
{"name":"Log","hostname":"pop-os","pid":14173,"level":30,"msg":"Creating table: permissions_apps","time":"2020-04-19T13:44:20.179Z","v":0}
{"name":"Log","hostname":"pop-os","pid":14173,"level":30,"msg":"Creating table: settings","time":"2020-04-19T13:44:20.365Z","v":0}
{"name":"Log","hostname":"pop-os","pid":14173,"level":30,"msg":"Creating table: tags","time":"2020-04-19T13:44:20.731Z","v":0}
{"name":"Log","hostname":"pop-os","pid":14173,"level":30,"msg":"Creating table: posts_tags","time":"2020-04-19T13:44:21.064Z","v":0}
{"name":"Log","hostname":"pop-os","pid":14173,"level":30,"msg":"Creating table: apps","time":"2020-04-19T13:44:21.241Z","v":0}
{"name":"Log","hostname":"pop-os","pid":14173,"level":30,"msg":"Creating table: app_settings","time":"2020-04-19T13:44:21.806Z","v":0}
{"name":"Log","hostname":"pop-os","pid":14173,"level":30,"msg":"Creating table: app_fields","time":"2020-04-19T13:44:22.206Z","v":0}
{"name":"Log","hostname":"pop-os","pid":14173,"level":30,"msg":"Creating table: invites","time":"2020-04-19T13:44:22.372Z","v":0}
{"name":"Log","hostname":"pop-os","pid":14173,"level":30,"msg":"Creating table: brute","time":"2020-04-19T13:44:22.881Z","v":0}
{"name":"Log","hostname":"pop-os","pid":14173,"level":30,"msg":"Creating table: webhooks","time":"2020-04-19T13:44:23.047Z","v":0}
{"name":"Log","hostname":"pop-os","pid":14173,"level":30,"msg":"Creating table: sessions","time":"2020-04-19T13:44:23.257Z","v":0}
{"name":"Log","hostname":"pop-os","pid":14173,"level":30,"msg":"Creating table: integrations","time":"2020-04-19T13:44:23.658Z","v":0}
{"name":"Log","hostname":"pop-os","pid":14173,"level":30,"msg":"Creating table: api_keys","time":"2020-04-19T13:44:24.011Z","v":0}
{"name":"Log","hostname":"pop-os","pid":14173,"level":30,"msg":"Creating table: mobiledoc_revisions","time":"2020-04-19T13:44:26.691Z","v":0}
{"name":"Log","hostname":"pop-os","pid":14173,"level":30,"msg":"Creating table: members","time":"2020-04-19T13:44:27.092Z","v":0}
{"name":"Log","hostname":"pop-os","pid":14173,"level":30,"msg":"Creating table: labels","time":"2020-04-19T13:44:27.658Z","v":0}
{"name":"Log","hostname":"pop-os","pid":14173,"level":30,"msg":"Creating table: members_labels","time":"2020-04-19T13:44:28.245Z","v":0}
{"name":"Log","hostname":"pop-os","pid":14173,"level":30,"msg":"Creating table: members_stripe_customers","time":"2020-04-19T13:44:28.454Z","v":0}
{"name":"Log","hostname":"pop-os","pid":14173,"level":30,"msg":"Creating table: members_stripe_customers_subscriptions","time":"2020-04-19T13:44:28.654Z","v":0}
{"name":"Log","hostname":"pop-os","pid":14173,"level":30,"msg":"Creating table: actions","time":"2020-04-19T13:44:28.841Z","v":0}
{"name":"Log","hostname":"pop-os","pid":14173,"level":30,"msg":"Creating table: emails","time":"2020-04-19T13:44:29.019Z","v":0}
{"name":"Log","hostname":"pop-os","pid":14173,"level":30,"msg":"Model: Tag","time":"2020-04-19T13:44:29.677Z","v":0}
{"name":"Log","hostname":"pop-os","pid":14173,"level":30,"msg":"Model: Role","time":"2020-04-19T13:44:29.735Z","v":0}
{"name":"Log","hostname":"pop-os","pid":14173,"level":30,"msg":"Model: Permission","time":"2020-04-19T13:44:29.778Z","v":0}
{"name":"Log","hostname":"pop-os","pid":14173,"level":30,"msg":"Model: User","time":"2020-04-19T13:44:30.138Z","v":0}
{"name":"Log","hostname":"pop-os","pid":14173,"level":30,"msg":"Model: Post","time":"2020-04-19T13:44:30.856Z","v":0}
{"name":"Log","hostname":"pop-os","pid":14173,"level":30,"msg":"Model: Integration","time":"2020-04-19T13:44:31.078Z","v":0}
{"name":"Log","hostname":"pop-os","pid":14173,"level":30,"msg":"Relation: Role to Permission","time":"2020-04-19T13:44:31.129Z","v":0}
{"name":"Log","hostname":"pop-os","pid":14173,"level":30,"msg":"Relation: Post to Tag","time":"2020-04-19T13:44:31.469Z","v":0}
{"name":"Log","hostname":"pop-os","pid":14173,"level":30,"msg":"Relation: User to Role","time":"2020-04-19T13:44:31.504Z","v":0}
{"name":"Log","hostname":"pop-os","pid":14173,"level":30,"msg":"Ghost is running in development...","time":"2020-04-19T13:44:44.534Z","v":0}
{"name":"Log","hostname":"pop-os","pid":14173,"level":30,"msg":"Listening on: 127.0.0.1:2368","time":"2020-04-19T13:44:44.535Z","v":0}
{"name":"Log","hostname":"pop-os","pid":14173,"level":30,"msg":"Url configured as: http://localhost:2368/","time":"2020-04-19T13:44:44.535Z","v":0}
{"name":"Log","hostname":"pop-os","pid":14173,"level":30,"msg":"Ctrl+C to shut down","time":"2020-04-19T13:44:44.536Z","v":0}
{"name":"Log","hostname":"pop-os","pid":14173,"level":30,"msg":"Ghost boot 29.314s","time":"2020-04-19T13:44:44.538Z","v":0}
{"name":"Log","hostname":"pop-os","pid":14173,"level":30,"req":{"meta":{"requestId":"fceff991-3503-4c69-a8e1-2e03cd998c70","userId":null},"url":"/","method":"GET","originalUrl":"/","params":{},"headers":{"host":"localhost:2368","connection":"keep-alive","upgrade-insecure-requests":"1","user-agent":"Mozilla/5.0 (X11; Linux x86_64) AppleWebKit/537.36 (KHTML, like Gecko) Chrome/80.0.3987.122 Safari/537.36","sec-fetch-dest":"document","accept":"text/html,application/xhtml+xml,application/xml;q=0.9,image/webp,image/apng,*/*;q=0.8,application/signed-exchange;v=b3;q=0.9","sec-fetch-site":"none","sec-fetch-mode":"navigate","accept-encoding":"gzip, deflate, br","accept-language":"en-US,en;q=0.9","if-none-match":"W/\"7302-FovOlKovwVJJcR2qMF04cQasDlo\""},"query":{}},"res":{"_headers":{"x-powered-by":"Express","cache-control":"public, max-age=0","content-type":"text/html; charset=utf-8","etag":"W/\"7358-8G7O9usxo9aNSXm+FvM8XGcjous\"","vary":"Accept-Encoding","content-encoding":"gzip"},"statusCode":200,"responseTime":"856ms"},"msg":"","time":"2020-04-19T13:53:55.455Z","v":0}
{"name":"Log","hostname":"pop-os","pid":14173,"level":30,"req":{"meta":{"requestId":"1b8c3740-fcf7-4aea-b6e9-a662d644e38e","userId":null},"url":"/assets/built/screen.css?v=6cb315a3a9","method":"GET","originalUrl":"/assets/built/screen.css?v=6cb315a3a9","params":{},"headers":{"host":"localhost:2368","connection":"keep-alive","user-agent":"Mozilla/5.0 (X11; Linux x86_64) AppleWebKit/537.36 (KHTML, like Gecko) Chrome/80.0.3987.122 Safari/537.36","sec-fetch-dest":"style","accept":"text/css,*/*;q=0.1","sec-fetch-site":"same-origin","sec-fetch-mode":"no-cors","referer":"http://localhost:2368/","accept-encoding":"gzip, deflate, br","accept-language":"en-US,en;q=0.9"},"query":{"v":"6cb315a3a9"}},"res":{"_headers":{"x-powered-by":"Express","accept-ranges":"bytes","cache-control":"public, max-age=0","last-modified":"Sat, 26 Oct 1985 08:15:00 GMT","etag":"W/\"abb5-7438674ba0\"","content-type":"text/css; charset=UTF-8","vary":"Accept-Encoding","content-encoding":"gzip"},"statusCode":200,"responseTime":"11ms"},"msg":"","time":"2020-04-19T13:53:55.585Z","v":0}
{"name":"Log","hostname":"pop-os","pid":14173,"level":30,"req":{"meta":{"requestId":"e340ebcd-696a-4351-900d-0d0fd50e8cfb","userId":null},"url":"/assets/built/casper.js?v=6cb315a3a9","method":"GET","originalUrl":"/assets/built/casper.js?v=6cb315a3a9","params":{},"headers":{"host":"localhost:2368","connection":"keep-alive","user-agent":"Mozilla/5.0 (X11; Linux x86_64) AppleWebKit/537.36 (KHTML, like Gecko) Chrome/80.0.3987.122 Safari/537.36","sec-fetch-dest":"script","accept":"*/*","sec-fetch-site":"same-origin","sec-fetch-mode":"no-cors","referer":"http://localhost:2368/","accept-encoding":"gzip, deflate, br","accept-language":"en-US,en;q=0.9"},"query":{"v":"6cb315a3a9"}},"res":{"_headers":{"x-powered-by":"Express","accept-ranges":"bytes","cache-control":"public, max-age=0","last-modified":"Sat, 26 Oct 1985 08:15:00 GMT","etag":"W/\"e07-7438674ba0\"","content-type":"application/javascript; charset=UTF-8","vary":"Accept-Encoding","content-encoding":"gzip"},"statusCode":200,"responseTime":"9ms"},"msg":"","time":"2020-04-19T13:53:55.588Z","v":0}
{"name":"Log","hostname":"pop-os","pid":14173,"level":30,"req":{"meta":{"requestId":"419ff116-45ce-4b32-949a-6da00dd70033","userId":null},"url":"/favicon.ico","method":"GET","originalUrl":"/favicon.ico","params":{},"headers":{"host":"localhost:2368","connection":"keep-alive","user-agent":"Mozilla/5.0 (X11; Linux x86_64) AppleWebKit/537.36 (KHTML, like Gecko) Chrome/80.0.3987.122 Safari/537.36","sec-fetch-dest":"image","accept":"image/webp,image/apng,image/*,*/*;q=0.8","sec-fetch-site":"same-origin","sec-fetch-mode":"no-cors","referer":"http://localhost:2368/","accept-encoding":"gzip, deflate, br","accept-language":"en-US,en;q=0.9","if-none-match":"\"8d1f3e04f7acd092d89057cf273eaa96\""},"query":{}},"res":{"_headers":{"x-powered-by":"Express","content-type":"image/x-icon","etag":"\"8d1f3e04f7acd092d89057cf273eaa96\"","cache-control":"public, max-age=86400","vary":"Accept-Encoding","content-encoding":"gzip"},"statusCode":200,"responseTime":"3ms"},"msg":"","time":"2020-04-19T13:53:58.712Z","v":0}
